14:17:32 **** Incremental Build of configuration Nios II for project SEProjetoFinal0 ****
make all 
Info: Building ../SEProjetoFinal0_bsp/
make --no-print-directory -C ../SEProjetoFinal0_bsp/
[BSP build complete]
Info: Compiling cnn/main.c to obj/default/cnn/main.o
nios2-elf-gcc -xc -MP -MMD -c -I../SEProjetoFinal0_bsp//HAL/inc -I../SEProjetoFinal0_bsp/ -I../SEProjetoFinal0_bsp//drivers/inc -pipe -D__hal__ -DALT_NO_INSTRUCTION_EMULATION -DALT_SINGLE_THREADED    -O0 -g -Wall  -mno-hw-div -mhw-mul -mno-hw-mulx -mgpopt=global  -o "obj/default/cnn/main.o" "cnn/main.c"
cnn/main.c: In function 'main':
cnn/main.c:80:11: warning: unused variable 'flat' [-Wunused-variable]
   80 |     float flat[flat_size];
      |           ^~~~
Info: Linking SEProjetoFinal0.elf
nios2-elf-g++ -T'../SEProjetoFinal0_bsp//linker.x' -msys-crt0='../SEProjetoFinal0_bsp//obj/HAL/src/crt0.o' -msys-lib=hal_bsp -L../SEProjetoFinal0_bsp/   -Wl,-Map=SEProjetoFinal0.map   -O0 -g -Wall  -mno-hw-div -mhw-mul -mno-hw-mulx -mgpopt=global  -o SEProjetoFinal0.elf obj/default/cnn/main.o -lm -msys-lib=m
nios2-elf-insert SEProjetoFinal0.elf --thread_model hal --cpu_name CPU_0 --qsys true --simulation_enabled false --stderr_dev DEBUG --stdin_dev DEBUG --stdout_dev DEBUG --sopc_system_name SEProjetoFinal --quartus_project_dir "/home/allan/Documents/USP/Disciplinas/SE/SEProjetoFinal" --jdi ../..//output_files/SEProjetoFinal.jdi --sopcinfo /home/allan/Documents/USP/Disciplinas/SE/SEProjetoFinal/software/SEProjetoFinal0_bsp/../../SEProjetoFinal.sopcinfo
Info: (SEProjetoFinal0.elf) 140 KBytes program size (code + initialized data).
Info:                       108 KBytes free for stack + heap.
Info: Creating SEProjetoFinal0.objdump
nios2-elf-objdump --disassemble --syms --all-header --source SEProjetoFinal0.elf >SEProjetoFinal0.objdump
[SEProjetoFinal0 build complete]

14:17:33 Build Finished (took 893ms)

