Flow report for SEProjetoFinalSingle
Mon Jun 24 15:02:24 2024
Quartus Prime Version 21.1.1 Build 850 06/23/2022 SJ Lite Edition


---------------------
; Table of Contents ;
---------------------
  1. Legal Notice
  2. Flow Summary
  3. Flow Settings
  4. Flow Non-Default Global Settings
  5. Flow Elapsed Time
  6. Flow OS Summary
  7. Flow Log
  8. Flow Messages
  9. Flow Suppressed Messages



----------------
; Legal Notice ;
----------------
Copyright (C) 2022  Intel Corporation. All rights reserved.
Your use of Intel Corporation's design tools, logic functions 
and other software and tools, and any partner logic 
functions, and any output files from any of the foregoing 
(including device programming or simulation files), and any 
associated documentation or information are expressly subject 
to the terms and conditions of the Intel Program License 
Subscription Agreement, the Intel Quartus Prime License Agreement,
the Intel FPGA IP License Agreement, or other applicable license
agreement, including, without limitation, that your use is for
the sole purpose of programming logic devices manufactured by
Intel and sold by Intel or its authorized distributors.  Please
refer to the applicable agreement for further details, at
https://fpgasoftware.intel.com/eula.



+----------------------------------------------------------------------------------+
; Flow Summary                                                                     ;
+------------------------------------+---------------------------------------------+
; Flow Status                        ; Successful - Mon Jun 24 15:02:18 2024       ;
; Quartus Prime Version              ; 21.1.1 Build 850 06/23/2022 SJ Lite Edition ;
; Revision Name                      ; SEProjetoFinalSingle                        ;
; Top-level Entity Name              ; SEProjetoFinalSingle                        ;
; Family                             ; Cyclone IV E                                ;
; Device                             ; EP4CE115F29C7                               ;
; Timing Models                      ; Final                                       ;
; Total logic elements               ; 3,409 / 114,480 ( 3 % )                     ;
;     Total combinational functions  ; 3,010 / 114,480 ( 3 % )                     ;
;     Dedicated logic registers      ; 1,925 / 114,480 ( 2 % )                     ;
; Total registers                    ; 1925                                        ;
; Total pins                         ; 1 / 529 ( < 1 % )                           ;
; Total virtual pins                 ; 0                                           ;
; Total memory bits                  ; 2,161,088 / 3,981,312 ( 54 % )              ;
; Embedded Multiplier 9-bit elements ; 6 / 532 ( 1 % )                             ;
; Total PLLs                         ; 0 / 4 ( 0 % )                               ;
+------------------------------------+---------------------------------------------+


+------------------------------------------+
; Flow Settings                            ;
+-------------------+----------------------+
; Option            ; Setting              ;
+-------------------+----------------------+
; Start date & time ; 06/24/2024 15:00:47  ;
; Main task         ; Compilation          ;
; Revision Name     ; SEProjetoFinalSingle ;
+-------------------+----------------------+


+---------------------------------------------------------------------------------------------------------------------------------------------------------+
; Flow Non-Default Global Settings                                                                                                                        ;
+-------------------------------------+------------------------------------------------------------------------+---------------+-------------+------------+
; Assignment Name                     ; Value                                                                  ; Default Value ; Entity Name ; Section Id ;
+-------------------------------------+------------------------------------------------------------------------+---------------+-------------+------------+
; COMPILER_SIGNATURE_ID               ; 75519094301763.171925204610816                                         ; --            ; --          ; --         ;
; MAX_CORE_JUNCTION_TEMP              ; 85                                                                     ; --            ; --          ; --         ;
; MIN_CORE_JUNCTION_TEMP              ; 0                                                                      ; --            ; --          ; --         ;
; MISC_FILE                           ; SEProjetoFinalSingle/synthesis/../SEProjetoFinalSingle.cmp             ; --            ; --          ; --         ;
; MISC_FILE                           ; SEProjetoFinalSingle/synthesis/../../SEProjetoFinalSingle.qsys         ; --            ; --          ; --         ;
; NOMINAL_CORE_SUPPLY_VOLTAGE         ; 1.2V                                                                   ; --            ; --          ; --         ;
; PARTITION_COLOR                     ; -- (Not supported for targeted family)                                 ; --            ; --          ; Top        ;
; PARTITION_FITTER_PRESERVATION_LEVEL ; -- (Not supported for targeted family)                                 ; --            ; --          ; Top        ;
; PARTITION_NETLIST_TYPE              ; -- (Not supported for targeted family)                                 ; --            ; --          ; Top        ;
; POWER_BOARD_THERMAL_MODEL           ; None (CONSERVATIVE)                                                    ; --            ; --          ; --         ;
; POWER_PRESET_COOLING_SOLUTION       ; 23 MM HEAT SINK WITH 200 LFPM AIRFLOW                                  ; --            ; --          ; --         ;
; PROJECT_OUTPUT_DIRECTORY            ; output_files                                                           ; --            ; --          ; --         ;
; SLD_FILE                            ; SEProjetoFinalSingle/synthesis/SEProjetoFinalSingle.regmap             ; --            ; --          ; --         ;
; SLD_FILE                            ; SEProjetoFinalSingle/synthesis/SEProjetoFinalSingle.debuginfo          ; --            ; --          ; --         ;
; SLD_INFO                            ; QSYS_NAME SEProjetoFinalSingle HAS_SOPCINFO 1 GENERATION_ID 1719240659 ; --            ; --          ; --         ;
; SOPCINFO_FILE                       ; SEProjetoFinalSingle/synthesis/../../SEProjetoFinalSingle.sopcinfo     ; --            ; --          ; --         ;
; SYNTHESIS_ONLY_QIP                  ; On                                                                     ; --            ; --          ; --         ;
+-------------------------------------+------------------------------------------------------------------------+---------------+-------------+------------+


+--------------------------------------------------------------------------------------------------------------------------+
; Flow Elapsed Time                                                                                                        ;
+----------------------+--------------+-------------------------+---------------------+------------------------------------+
; Module Name          ; Elapsed Time ; Average Processors Used ; Peak Virtual Memory ; Total CPU Time (on all processors) ;
+----------------------+--------------+-------------------------+---------------------+------------------------------------+
; Analysis & Synthesis ; 00:00:40     ; 1.0                     ; 777 MB              ; 00:01:10                           ;
; Fitter               ; 00:00:37     ; 1.1                     ; 1477 MB             ; 00:00:54                           ;
; Assembler            ; 00:00:06     ; 1.0                     ; 617 MB              ; 00:00:06                           ;
; Timing Analyzer      ; 00:00:04     ; 1.3                     ; 842 MB              ; 00:00:05                           ;
; Total                ; 00:01:27     ; --                      ; --                  ; 00:02:15                           ;
+----------------------+--------------+-------------------------+---------------------+------------------------------------+


+--------------------------------------------------------------------------------------+
; Flow OS Summary                                                                      ;
+----------------------+------------------+-------------+-------------+----------------+
; Module Name          ; Machine Hostname ; OS Name     ; OS Version  ; Processor type ;
+----------------------+------------------+-------------+-------------+----------------+
; Analysis & Synthesis ; fedora           ; Fedora Core ; Fedora Core ; x86_64         ;
; Fitter               ; fedora           ; Fedora Core ; Fedora Core ; x86_64         ;
; Assembler            ; fedora           ; Fedora Core ; Fedora Core ; x86_64         ;
; Timing Analyzer      ; fedora           ; Fedora Core ; Fedora Core ; x86_64         ;
+----------------------+------------------+-------------+-------------+----------------+


------------
; Flow Log ;
------------
quartus_map --read_settings_files=on --write_settings_files=off SEProjetoFinalSingle -c SEProjetoFinalSingle
quartus_fit --read_settings_files=off --write_settings_files=off SEProjetoFinalSingle -c SEProjetoFinalSingle
quartus_asm --read_settings_files=off --write_settings_files=off SEProjetoFinalSingle -c SEProjetoFinalSingle
quartus_sta SEProjetoFinalSingle -c SEProjetoFinalSingle



